<?xml version="1.0" encoding="UTF-8"?>
<testsuite xmlns:xsi="http://www.w3.org/2001/XMLSchema-instance" xsi:noNamespaceSchemaLocation="https://maven.apache.org/surefire/maven-surefire-plugin/xsd/surefire-test-report.xsd" version="3.0.2" name="TestSuite" time="59.671" tests="4" errors="0" skipped="0" failures="0">
  <properties>
    <property name="java.specification.version" value="21"/>
    <property name="sun.cpu.isalist" value="amd64"/>
    <property name="sun.jnu.encoding" value="Cp1252"/>
    <property name="sun.awt.enableExtraMouseButtons" value="true"/>
    <property name="java.class.path" value="C:\Users\CDECLUDS-INDRAJIT\eclipse-workspace\steel_river_automation-playwright_Java\target\test-classes;C:\Users\CDECLUDS-INDRAJIT\eclipse-workspace\steel_river_automation-playwright_Java\target\classes;C:\Users\CDECLUDS-INDRAJIT\.m2\repository\com\microsoft\playwright\playwright\1.50.0\playwright-1.50.0.jar;C:\Users\CDECLUDS-INDRAJIT\.m2\repository\com\google\code\gson\gson\2.12.1\gson-2.12.1.jar;C:\Users\CDECLUDS-INDRAJIT\.m2\repository\com\google\errorprone\error_prone_annotations\2.36.0\error_prone_annotations-2.36.0.jar;C:\Users\CDECLUDS-INDRAJIT\.m2\repository\org\opentest4j\opentest4j\1.3.0\opentest4j-1.3.0.jar;C:\Users\CDECLUDS-INDRAJIT\.m2\repository\com\microsoft\playwright\driver\1.50.0\driver-1.50.0.jar;C:\Users\CDECLUDS-INDRAJIT\.m2\repository\com\microsoft\playwright\driver-bundle\1.50.0\driver-bundle-1.50.0.jar;C:\Users\CDECLUDS-INDRAJIT\.m2\repository\org\testng\testng\7.10.2\testng-7.10.2.jar;C:\Users\CDECLUDS-INDRAJIT\.m2\repository\org\slf4j\slf4j-api\1.7.36\slf4j-api-1.7.36.jar;C:\Users\CDECLUDS-INDRAJIT\.m2\repository\com\beust\jcommander\1.82\jcommander-1.82.jar;C:\Users\CDECLUDS-INDRAJIT\.m2\repository\org\webjars\jquery\3.7.1\jquery-3.7.1.jar;"/>
    <property name="java.vm.vendor" value="Oracle Corporation"/>
    <property name="sun.arch.data.model" value="64"/>
    <property name="user.variant" value=""/>
    <property name="java.vendor.url" value="https://java.oracle.com/"/>
    <property name="user.timezone" value="Asia/Calcutta"/>
    <property name="os.name" value="Windows 11"/>
    <property name="java.vm.specification.version" value="21"/>
    <property name="sun.java.launcher" value="SUN_STANDARD"/>
    <property name="user.country" value="US"/>
    <property name="sun.boot.library.path" value="C:\Program Files\Java\jdk-21\bin"/>
    <property name="sun.java.command" value="C:\Users\CDECLUDS-INDRAJIT\AppData\Local\Temp\surefire11740833075774131507\surefirebooter-20250701172530185_3.jar C:\Users\CDECLUDS-INDRAJIT\AppData\Local\Temp\surefire11740833075774131507 2025-07-01T17-25-29_942-jvmRun1 surefire-20250701172530185_1tmp surefire_0-20250701172530185_2tmp"/>
    <property name="jdk.debug" value="release"/>
    <property name="surefire.test.class.path" value="C:\Users\CDECLUDS-INDRAJIT\eclipse-workspace\steel_river_automation-playwright_Java\target\test-classes;C:\Users\CDECLUDS-INDRAJIT\eclipse-workspace\steel_river_automation-playwright_Java\target\classes;C:\Users\CDECLUDS-INDRAJIT\.m2\repository\com\microsoft\playwright\playwright\1.50.0\playwright-1.50.0.jar;C:\Users\CDECLUDS-INDRAJIT\.m2\repository\com\google\code\gson\gson\2.12.1\gson-2.12.1.jar;C:\Users\CDECLUDS-INDRAJIT\.m2\repository\com\google\errorprone\error_prone_annotations\2.36.0\error_prone_annotations-2.36.0.jar;C:\Users\CDECLUDS-INDRAJIT\.m2\repository\org\opentest4j\opentest4j\1.3.0\opentest4j-1.3.0.jar;C:\Users\CDECLUDS-INDRAJIT\.m2\repository\com\microsoft\playwright\driver\1.50.0\driver-1.50.0.jar;C:\Users\CDECLUDS-INDRAJIT\.m2\repository\com\microsoft\playwright\driver-bundle\1.50.0\driver-bundle-1.50.0.jar;C:\Users\CDECLUDS-INDRAJIT\.m2\repository\org\testng\testng\7.10.2\testng-7.10.2.jar;C:\Users\CDECLUDS-INDRAJIT\.m2\repository\org\slf4j\slf4j-api\1.7.36\slf4j-api-1.7.36.jar;C:\Users\CDECLUDS-INDRAJIT\.m2\repository\com\beust\jcommander\1.82\jcommander-1.82.jar;C:\Users\CDECLUDS-INDRAJIT\.m2\repository\org\webjars\jquery\3.7.1\jquery-3.7.1.jar;"/>
    <property name="sun.cpu.endian" value="little"/>
    <property name="user.home" value="C:\Users\CDECLUDS-INDRAJIT"/>
    <property name="user.language" value="en"/>
    <property name="java.specification.vendor" value="Oracle Corporation"/>
    <property name="java.version.date" value="2024-07-16"/>
    <property name="java.home" value="C:\Program Files\Java\jdk-21"/>
    <property name="file.separator" value="\"/>
    <property name="basedir" value="C:\Users\CDECLUDS-INDRAJIT\eclipse-workspace\steel_river_automation-playwright_Java"/>
    <property name="java.vm.compressedOopsMode" value="Zero based"/>
    <property name="line.separator" value="&#10;"/>
    <property name="java.vm.specification.vendor" value="Oracle Corporation"/>
    <property name="java.specification.name" value="Java Platform API Specification"/>
    <property name="surefire.real.class.path" value="C:\Users\CDECLUDS-INDRAJIT\AppData\Local\Temp\surefire11740833075774131507\surefirebooter-20250701172530185_3.jar"/>
    <property name="user.script" value=""/>
    <property name="sun.management.compiler" value="HotSpot 64-Bit Tiered Compilers"/>
    <property name="java.runtime.version" value="21.0.4+8-LTS-274"/>
    <property name="user.name" value="CDECLUDS-INDRAJIT"/>
    <property name="stdout.encoding" value="Cp1252"/>
    <property name="path.separator" value=";"/>
    <property name="os.version" value="10.0"/>
    <property name="java.runtime.name" value="Java(TM) SE Runtime Environment"/>
    <property name="file.encoding" value="UTF-8"/>
    <property name="browser" value="chrome"/>
    <property name="java.vm.name" value="Java HotSpot(TM) 64-Bit Server VM"/>
    <property name="localRepository" value="C:\Users\CDECLUDS-INDRAJIT\.m2\repository"/>
    <property name="java.vendor.url.bug" value="https://bugreport.java.com/bugreport/"/>
    <property name="java.io.tmpdir" value="C:\Users\CDECLU~1\AppData\Local\Temp\"/>
    <property name="java.version" value="21.0.4"/>
    <property name="user.dir" value="C:\Users\CDECLUDS-INDRAJIT\eclipse-workspace\steel_river_automation-playwright_Java"/>
    <property name="os.arch" value="amd64"/>
    <property name="java.vm.specification.name" value="Java Virtual Machine Specification"/>
    <property name="sun.os.patch.level" value=""/>
    <property name="native.encoding" value="Cp1252"/>
    <property name="java.library.path" value="C:\Program Files\Java\jdk-21\bin;C:\WINDOWS\Sun\Java\bin;C:\WINDOWS\system32;C:\WINDOWS;C:\Program Files\Common Files\Oracle\Java\javapath;C:\WINDOWS\system32;C:\WINDOWS;C:\WINDOWS\System32\Wbem;C:\WINDOWS\System32\WindowsPowerShell\v1.0\;C:\WINDOWS\System32\OpenSSH\;C:\ProgramData\chocolatey\bin;C:\Program Files\Microsoft VS Code\bin;C:\Program Files\Java\jdk-21\bin;C:\Program Files\apache-maven-3.9.9\bin;C:\Users\CDECLUDS-INDRAJIT\Downloads\allure-2.32.0\allure-2.32.0\bin;C:\Program Files\PuTTY\;C:\Program Files\Git\cmd;C:\Program Files (x86)\cloudflared\;C:\Program Files\nodejs\;C:\Program Files\nodejs\node_modules\npm;C:\Program Files\nodejs\node_modules\npm\bin;C:\Program Files\dotnet\;C:\Program Files\Docker\Docker\resources\bin;C:\Users\CDECLUDS-INDRAJIT\.local\bin;C:\Users\CDECLUDS-INDRAJIT\AppData\Local\Programs\Python\Python313\Scripts\;C:\Users\CDECLUDS-INDRAJIT\AppData\Local\Programs\Python\Python313\;C:\Users\CDECLUDS-INDRAJIT\AppData\Local\Programs\Python\Launcher\;C:\Users\CDECLUDS-INDRAJIT\AppData\Local\Microsoft\WindowsApps;C:\Program Files\JetBrains\PyCharm Community Edition 2024.3.3\bin;;C:\Users\CDECLUDS-INDRAJIT\AppData\Roaming\npm;."/>
    <property name="java.vm.info" value="mixed mode, sharing"/>
    <property name="stderr.encoding" value="Cp1252"/>
    <property name="java.vendor" value="Oracle Corporation"/>
    <property name="java.vm.version" value="21.0.4+8-LTS-274"/>
    <property name="sun.io.unicode.encoding" value="UnicodeLittle"/>
    <property name="java.class.version" value="65.0"/>
  </properties>
  <testcase name="click_Claim_My_Free_Gift_Button" classname="sos.testClass.Test_Free_SteelRriver_Midnight_Stealth_Stiletto_Baton" time="4.122">
    <system-err><![CDATA[SLF4J: Failed to load class "org.slf4j.impl.StaticLoggerBinder".
SLF4J: Defaulting to no-operation (NOP) logger implementation
SLF4J: See http://www.slf4j.org/codes.html#StaticLoggerBinder for further details.
]]></system-err>
  </testcase>
  <testcase name="enterShippingDetails" classname="sos.testClass.Test_Free_SteelRriver_Midnight_Stealth_Stiletto_Baton" time="5.321"/>
  <testcase name="enterCardDetailsForPayment" classname="sos.testClass.Test_Free_SteelRriver_Midnight_Stealth_Stiletto_Baton" time="4.153"/>
  <testcase name="selectCrossSellsProducts" classname="sos.testClass.Test_Free_SteelRriver_Midnight_Stealth_Stiletto_Baton" time="2.262">
    <system-out><![CDATA[Total Price :39.8
]]></system-out>
  </testcase>
</testsuite>