<?xml version="1.0" encoding="UTF-8"?>
<!-- Generated by org.testng.reporters.JUnitReportReporter -->
<testsuite hostname="CISPL-IO-470" failures="0" tests="4" name="sos.testClass.Test_Free_SteelRriver_Midnight_Stealth_Stiletto_Baton" time="15.859" errors="0" timestamp="2025-07-01T17:26:30 IST" skipped="0">
  <testcase classname="sos.testClass.Test_Free_SteelRriver_Midnight_Stealth_Stiletto_Baton" name="click_Claim_My_Free_Gift_Button" time="4.123"/>
  <testcase classname="sos.testClass.Test_Free_SteelRriver_Midnight_Stealth_Stiletto_Baton" name="enterShippingDetails" time="5.321"/>
  <testcase classname="sos.testClass.Test_Free_SteelRriver_Midnight_Stealth_Stiletto_Baton" name="enterCardDetailsForPayment" time="4.153"/>
  <testcase classname="sos.testClass.Test_Free_SteelRriver_Midnight_Stealth_Stiletto_Baton" name="selectCrossSellsProducts" time="2.262"/>
</testsuite> <!-- sos.testClass.Test_Free_SteelRriver_Midnight_Stealth_Stiletto_Baton -->
